2019-03-27 08:13:22 +0000  Initial pipeline context: <IDEDistributionProcessingPipelineContext: 0x7fb8a09fac90; archive(resolved)='<IDEArchive: 0x7fb8ab887770>', distributionTask(resolved)='2', distributionDestination(resolved)='1', distributionMethod(resolved)='<IDEDistributionMethodDevelopmentSigned: 0x7fb8b3fbadf0>', team(resolved)='<IDEProvisioningDisambiguatableBasicTeam: 0x7fb8b1a2bb80; teamID='7JA3J4SM22', teamName='SHENZHEN APICAL TECHNOLOGY CO.,LTD', teamType='Company', username='apicalios@apical.com.cn', isFreeProvisioningTeam='0'>'>
	Chain (12, self inclusive):
	<IDEDistributionProcessingPipelineContext: 0x7fb8a09fac90; archive = '<IDEArchive: 0x7fb8ab887770>', distributionMethod='<IDEDistributionMethodDevelopmentSigned: 0x7fb8b3fbadf0>', team='<IDEProvisioningDisambiguatableBasicTeam: 0x7fb8b1a2bb80; teamID='7JA3J4SM22', teamName='SHENZHEN APICAL TECHNOLOGY CO.,LTD', teamType='Company', username='apicalios@apical.com.cn', isFreeProvisioningTeam='0'>'>
	<IDEDistributionProcessingPipelineContext: 0x7fb89bab29b0; archive = '<IDEArchive: 0x7fb8ab887770>', distributionMethod='<IDEDistributionMethodDevelopmentSigned: 0x7fb8b3fbadf0>', team='<IDEProvisioningDisambiguatableBasicTeam: 0x7fb8b1a2bb80; teamID='7JA3J4SM22', teamName='SHENZHEN APICAL TECHNOLOGY CO.,LTD', teamType='Company', username='apicalios@apical.com.cn', isFreeProvisioningTeam='0'>'>
	<IDEDistributionContext: 0x7fb89bca2f80; archive = '<IDEArchive: 0x7fb8ab887770>', distributionMethod='<IDEDistributionMethodDevelopmentSigned: 0x7fb8b3fbadf0>', team='<IDEProvisioningDisambiguatableBasicTeam: 0x7fb8b1a2bb80; teamID='7JA3J4SM22', teamName='SHENZHEN APICAL TECHNOLOGY CO.,LTD', teamType='Company', username='apicalios@apical.com.cn', isFreeProvisioningTeam='0'>'>
	<IDEDistributionContext: 0x7fb89b4653f0; archive = '<IDEArchive: 0x7fb8ab887770>', distributionMethod='<IDEDistributionMethodDevelopmentSigned: 0x7fb8b3fbadf0>', team='<IDEProvisioningDisambiguatableBasicTeam: 0x7fb8b1a2bb80; teamID='7JA3J4SM22', teamName='SHENZHEN APICAL TECHNOLOGY CO.,LTD', teamType='Company', username='apicalios@apical.com.cn', isFreeProvisioningTeam='0'>'>
	<IDEDistributionContext: 0x7fb89f6811d0; archive = '<IDEArchive: 0x7fb8ab887770>', distributionMethod='<IDEDistributionMethodDevelopmentSigned: 0x7fb8b3fbadf0>', team='<IDEProvisioningDisambiguatableBasicTeam: 0x7fb8b1a2bb80; teamID='7JA3J4SM22', teamName='SHENZHEN APICAL TECHNOLOGY CO.,LTD', teamType='Company', username='apicalios@apical.com.cn', isFreeProvisioningTeam='0'>'>
	<IDEDistributionContext: 0x7fb89f680d60; archive = '<IDEArchive: 0x7fb8ab887770>', distributionMethod='<IDEDistributionMethodDevelopmentSigned: 0x7fb8b3fbadf0>', team='<IDEProvisioningDisambiguatableBasicTeam: 0x7fb8b1a2bb80; teamID='7JA3J4SM22', teamName='SHENZHEN APICAL TECHNOLOGY CO.,LTD', teamType='Company', username='apicalios@apical.com.cn', isFreeProvisioningTeam='0'>'>
	<IDEDistributionContext: 0x7fb8976a4100; archive = '<IDEArchive: 0x7fb8ab887770>', distributionMethod='<IDEDistributionMethodDevelopmentSigned: 0x7fb8b3fbadf0>', team='<IDEProvisioningDisambiguatableBasicTeam: 0x7fb8b1a2bb80; teamID='7JA3J4SM22', teamName='SHENZHEN APICAL TECHNOLOGY CO.,LTD', teamType='Company', username='apicalios@apical.com.cn', isFreeProvisioningTeam='0'>'>
	<IDEDistributionContext: 0x7fb8976c57e0; archive = '<IDEArchive: 0x7fb8ab887770>', distributionMethod='<IDEDistributionMethodDevelopmentSigned: 0x7fb8b3fbadf0>', team='<IDEProvisioningDisambiguatableBasicTeam: 0x7fb8b1a2bb80; teamID='7JA3J4SM22', teamName='SHENZHEN APICAL TECHNOLOGY CO.,LTD', teamType='Company', username='apicalios@apical.com.cn', isFreeProvisioningTeam='0'>'>
	<IDEDistributionContext: 0x7fb89866cc90; archive = '<IDEArchive: 0x7fb8ab887770>', distributionMethod='<IDEDistributionMethodDevelopmentSigned: 0x7fb8b3fbadf0>', team='<IDEProvisioningDisambiguatableBasicTeam: 0x7fb8b1a2bb80; teamID='7JA3J4SM22', teamName='SHENZHEN APICAL TECHNOLOGY CO.,LTD', teamType='Company', username='apicalios@apical.com.cn', isFreeProvisioningTeam='0'>'>
	<IDEDistributionContext: 0x7fb89866c840; archive = '<IDEArchive: 0x7fb8ab887770>', distributionMethod='<IDEDistributionMethodDevelopmentSigned: 0x7fb8b3fbadf0>', team='(null)'>
	<IDEDistributionContext: 0x7fb89c1830a0; archive = '<IDEArchive: 0x7fb8ab887770>', distributionMethod='<IDEDistributionMethodDevelopmentSigned: 0x7fb8b3fbadf0>', team='(null)'>
	<IDEDistributionContext: 0x7fb89863d3b0; archive = '<IDEArchive: 0x7fb8ab887770>', distributionMethod='(null)', team='(null)'>
</IDEDistributionProcessingPipelineContext: 0x7fb8a09fac90>
2019-03-27 08:13:22 +0000  Processing step: IDEDistributionCreateDestRootStep
2019-03-27 08:13:22 +0000  Processing step: IDEDistributionCopyItemStep
2019-03-27 08:13:22 +0000  Running /usr/bin/ditto '-V' '/Users/apical/Library/Developer/Xcode/Archives/2019-03-27/万能AIT 2019-3-27 下午4.11.xcarchive/Products/Applications/万能AIT.app' '/var/folders/f_/lly5g9jj2bjcxsfc9t9d6btw0000gn/T/XcodeDistPipeline.hNw/Root/Payload/万能AIT.app'
2019-03-27 08:13:22 +0000  >>> Copying /Users/apical/Library/Developer/Xcode/Archives/2019-03-27/万能AIT 2019-3-27 下午4.11.xcarchive/Products/Applications/万能AIT.app 
2019-03-27 08:13:22 +0000  copying file ./_CodeSignature/CodeResources ... 
2019-03-27 08:13:22 +0000  33310 bytes for ./_CodeSignature/CodeResources
2019-03-27 08:13:22 +0000  copying file ./APKDownloadInfoView.nib ... 
2019-03-27 08:13:22 +0000  5435 bytes for ./APKDownloadInfoView.nib
copying file ./APKPhotosPageFooterView.nib ... 
2019-03-27 08:13:22 +0000  2386 bytes for ./APKPhotosPageFooterView.nib
2019-03-27 08:13:22 +0000  copying file ./AppIcon20x20@2x.png ... 
2019-03-27 08:13:22 +0000  4982 bytes for ./AppIcon20x20@2x.png
copying file ./AppIcon20x20@3x.png ... 
2019-03-27 08:13:22 +0000  6740 bytes for ./AppIcon20x20@3x.png
2019-03-27 08:13:22 +0000  copying file ./AppIcon29x29@2x.png ... 
2019-03-27 08:13:22 +0000  4521 bytes for ./AppIcon29x29@2x.png
copying file ./AppIcon29x29@3x.png ... 
2019-03-27 08:13:22 +0000  7847 bytes for ./AppIcon29x29@3x.png
copying file ./AppIcon40x40@2x.png ... 
2019-03-27 08:13:22 +0000  7279 bytes for ./AppIcon40x40@2x.png
copying file ./AppIcon40x40@3x.png ... 
2019-03-27 08:13:22 +0000  10941 bytes for ./AppIcon40x40@3x.png
copying file ./AppIcon60x60@2x.png ... 
2019-03-27 08:13:22 +0000  10941 bytes for ./AppIcon60x60@2x.png
copying file ./AppIcon60x60@3x.png ... 
2019-03-27 08:13:22 +0000  17161 bytes for ./AppIcon60x60@3x.png
copying file ./Assets.car ... 
2019-03-27 08:13:22 +0000  1821368 bytes for ./Assets.car
2019-03-27 08:13:22 +0000  copying file ./Base.lproj/Main.storyboardc/1ii-dm-aA7-view-aV9-UT-By6.nib ... 
12860 bytes for ./Base.lproj/Main.storyboardc/1ii-dm-aA7-view-aV9-UT-By6.nib
copying file ./Base.lproj/Main.storyboardc/APKAboutViewController.nib ... 
1294 bytes for ./Base.lproj/Main.storyboardc/APKAboutViewController.nib
copying file ./Base.lproj/Main.storyboardc/APKVideoPlayer.nib ... 
1471 bytes for ./Base.lproj/Main.storyboardc/APKVideoPlayer.nib
copying file ./Base.lproj/Main.storyboardc/da5-8N-V0l-view-2EB-CV-ibu.nib ... 
26497 bytes for ./Base.lproj/Main.storyboardc/da5-8N-V0l-view-2EB-CV-ibu.nib
copying file ./Base.lproj/Main.storyboardc/DBValueVC.nib ... 
967 bytes for ./Base.lproj/Main.storyboardc/DBValueVC.nib
copying file ./Base.lproj/Main.storyboardc/DoY-ED-BRB-view-oQb-T6-Hhw.nib ... 
5314 bytes for ./Base.lproj/Main.storyboardc/DoY-ED-BRB-view-oQb-T6-Hhw.nib
copying file ./Base.lproj/Main.storyboardc/fdM-EZ-lTJ-view-RbG-nR-oUP.nib ... 
9048 bytes for ./Base.lproj/Main.storyboardc/fdM-EZ-lTJ-view-RbG-nR-oUP.nib
copying file ./Base.lproj/Main.storyboardc/Info.plist ... 
741 bytes for ./Base.lproj/Main.storyboardc/Info.plist
copying file ./Base.lproj/Main.storyboardc/NLc-lO-jgG-view-AOt-3L-QAV.nib ... 
6249 bytes for ./Base.lproj/Main.storyboardc/NLc-lO-jgG-view-AOt-3L-QAV.nib
copying file ./Base.lproj/Main.storyboardc/pTr-4e-sD6-view-zKg-nN-2mE.nib ... 
3409 bytes for ./Base.lproj/Main.storyboardc/pTr-4e-sD6-view-zKg-nN-2mE.nib
copying file ./Base.lproj/Main.storyboardc/Qkp-rM-VrI-view-aCN-eu-JqC.nib ... 
4313 bytes for ./Base.lproj/Main.storyboardc/Qkp-rM-VrI-view-aCN-eu-JqC.nib
copying file ./Base.lproj/Main.storyboardc/STd-Im-iis-view-E4T-NQ-rsb.nib ... 
7104 bytes for ./Base.lproj/Main.storyboardc/STd-Im-iis-view-E4T-NQ-rsb.nib
copying file ./Base.lproj/Main.storyboardc/TAg-Oj-i7p-view-jFe-hh-E6U.nib ... 
7284 bytes for ./Base.lproj/Main.storyboardc/TAg-Oj-i7p-view-jFe-hh-E6U.nib
copying file ./Base.lproj/Main.storyboardc/uf2-Ae-QF6-view-jQ8-Rj-RmU.nib ... 
1805 bytes for ./Base.lproj/Main.storyboardc/uf2-Ae-QF6-view-jQ8-Rj-RmU.nib
copying file ./Base.lproj/Main.storyboardc/UITabBarController-H4d-7E-SMs.nib ... 
7089 bytes for ./Base.lproj/Main.storyboardc/UITabBarController-H4d-7E-SMs.nib
copying file ./Base.lproj/Main.storyboardc/UITableViewController-DoY-ED-BRB.nib ... 
1432 bytes for ./Base.lproj/Main.storyboardc/UITableViewController-DoY-ED-BRB.nib
copying file ./Base.lproj/Main.storyboardc/UITableViewController-TAg-Oj-i7p.nib ... 
2019-03-27 08:13:22 +0000  1189 bytes for ./Base.lproj/Main.storyboardc/UITableViewController-TAg-Oj-i7p.nib
copying file ./Base.lproj/Main.storyboardc/UIViewController-fdM-EZ-lTJ.nib ... 
1441 bytes for ./Base.lproj/Main.storyboardc/UIViewController-fdM-EZ-lTJ.nib
copying file ./Base.lproj/Main.storyboardc/UIViewController-pTr-4e-sD6.nib ... 
978 bytes for ./Base.lproj/Main.storyboardc/UIViewController-pTr-4e-sD6.nib
copying file ./Base.lproj/Main.storyboardc/UIViewController-STd-Im-iis.nib ... 
1657 bytes for ./Base.lproj/Main.storyboardc/UIViewController-STd-Im-iis.nib
copying file ./Base.lproj/Main.storyboardc/YUn-MZ-pOr-view-h9M-gP-fuH.nib ... 
10499 bytes for ./Base.lproj/Main.storyboardc/YUn-MZ-pOr-view-h9M-gP-fuH.nib
copying file ./cs.lproj/Localizable.strings ... 
5671 bytes for ./cs.lproj/Localizable.strings
copying file ./cs.lproj/Main.strings ... 
4756 bytes for ./cs.lproj/Main.strings
copying file ./DataModal.momd/DataModal.mom ... 
1658 bytes for ./DataModal.momd/DataModal.mom
copying file ./DataModal.momd/VersionInfo.plist ... 
152 bytes for ./DataModal.momd/VersionInfo.plist
copying file ./embedded.mobileprovision ... 
11442 bytes for ./embedded.mobileprovision
copying file ./en.lproj/Localizable.strings ... 
3780 bytes for ./en.lproj/Localizable.strings
copying file ./et.lproj/Localizable.strings ... 
5463 bytes for ./et.lproj/Localizable.strings
copying file ./et.lproj/Main.strings ... 
4756 bytes for ./et.lproj/Main.strings
copying file ./Info.plist ... 
1876 bytes for ./Info.plist
copying file ./LaunchImage-1100-Portrait-2436h@3x.png ... 
232951 bytes for ./LaunchImage-1100-Portrait-2436h@3x.png
copying file ./LaunchImage-1200-Portrait-1792h@2x.png ... 
149514 bytes for ./LaunchImage-1200-Portrait-1792h@2x.png
copying file ./LaunchImage-1200-Portrait-2688h@3x.png ... 
241587 bytes for ./LaunchImage-1200-Portrait-2688h@3x.png
copying file ./LaunchImage-700-568h@2x.png ... 
86481 bytes for ./LaunchImage-700-568h@2x.png
copying file ./LaunchImage-700@2x.png ... 
83671 bytes for ./LaunchImage-700@2x.png
copying file ./LaunchImage-800-667h@2x.png ... 
87945 bytes for ./LaunchImage-800-667h@2x.png
copying file ./LaunchImage-800-Portrait-736h@3x.png ... 
160300 bytes for ./LaunchImage-800-Portrait-736h@3x.png
copying file ./lt.lproj/Localizable.strings ... 
5862 bytes for ./lt.lproj/Localizable.strings
copying file ./lt.lproj/Main.strings ... 
4756 bytes for ./lt.lproj/Main.strings
copying file ./lv.lproj/Localizable.strings ... 
6206 bytes for ./lv.lproj/Localizable.strings
copying file ./lv.lproj/Main.strings ... 
4756 bytes for ./lv.lproj/Main.strings
copying file ./MWPhotoBrowser.bundle/images/Checkmark.png ... 
1609 bytes for ./MWPhotoBrowser.bundle/images/Checkmark.png
copying file ./MWPhotoBrowser.bundle/images/Checkmark@2x.png ... 
2156 bytes for ./MWPhotoBrowser.bundle/images/Checkmark@2x.png
copying file ./MWPhotoBrowser.bundle/images/ImageError.png ... 
1187 bytes for ./MWPhotoBrowser.bundle/images/ImageError.png
copying file ./MWPhotoBrowser.bundle/images/ImageError@2x.png ... 
1533 bytes for ./MWPhotoBrowser.bundle/images/ImageError@2x.png
copying file ./MWPhotoBrowser.bundle/images/ImageSelectedOff.png ... 
2641 bytes for ./MWPhotoBrowser.bundle/images/ImageSelectedOff.png
copying file ./MWPhotoBrowser.bundle/images/ImageSelectedOff@2x.png ... 
4839 bytes for ./MWPhotoBrowser.bundle/images/ImageSelectedOff@2x.png
copying file ./MWPhotoBrowser.bundle/images/ImageSelectedOn.png ... 
2682 bytes for ./MWPhotoBrowser.bundle/images/ImageSelectedOn.png
copying file ./MWPhotoBrowser.bundle/images/ImageSelectedOn@2x.png ... 
4571 bytes for ./MWPhotoBrowser.bundle/images/ImageSelectedOn@2x.png
copying file ./MWPhotoBrowser.bundle/images/ImageSelectedSmallOff.png ... 
1932 bytes for ./MWPhotoBrowser.bundle/images/ImageSelectedSmallOff.png
copying file ./MWPhotoBrowser.bundle/images/ImageSelectedSmallOff@2x.png ... 
3296 bytes for ./MWPhotoBrowser.bundle/images/ImageSelectedSmallOff@2x.png
copying file ./MWPhotoBrowser.bundle/images/ImageSelectedSmallOn.png ... 
2141 bytes for ./MWPhotoBrowser.bundle/images/ImageSelectedSmallOn.png
2019-03-27 08:13:22 +0000  copying file ./MWPhotoBrowser.bundle/images/ImageSelectedSmallOn@2x.png ... 
3543 bytes for ./MWPhotoBrowser.bundle/images/ImageSelectedSmallOn@2x.png
copying file ./MWPhotoBrowser.bundle/images/UIBarButtonItemArrowLeft.png ... 
1169 bytes for ./MWPhotoBrowser.bundle/images/UIBarButtonItemArrowLeft.png
copying file ./MWPhotoBrowser.bundle/images/UIBarButtonItemArrowLeft@2x.png ... 
1360 bytes for ./MWPhotoBrowser.bundle/images/UIBarButtonItemArrowLeft@2x.png
copying file ./MWPhotoBrowser.bundle/images/UIBarButtonItemArrowOutlineLeft.png ... 
1135 bytes for ./MWPhotoBrowser.bundle/images/UIBarButtonItemArrowOutlineLeft.png
copying file ./MWPhotoBrowser.bundle/images/UIBarButtonItemArrowOutlineLeft@2x.png ... 
1261 bytes for ./MWPhotoBrowser.bundle/images/UIBarButtonItemArrowOutlineLeft@2x.png
copying file ./MWPhotoBrowser.bundle/images/UIBarButtonItemArrowOutlineRight.png ... 
1115 bytes for ./MWPhotoBrowser.bundle/images/UIBarButtonItemArrowOutlineRight.png
copying file ./MWPhotoBrowser.bundle/images/UIBarButtonItemArrowOutlineRight@2x.png ... 
1253 bytes for ./MWPhotoBrowser.bundle/images/UIBarButtonItemArrowOutlineRight@2x.png
copying file ./MWPhotoBrowser.bundle/images/UIBarButtonItemArrowRight.png ... 
1158 bytes for ./MWPhotoBrowser.bundle/images/UIBarButtonItemArrowRight.png
copying file ./MWPhotoBrowser.bundle/images/UIBarButtonItemArrowRight@2x.png ... 
1355 bytes for ./MWPhotoBrowser.bundle/images/UIBarButtonItemArrowRight@2x.png
copying file ./MWPhotoBrowser.bundle/images/UIBarButtonItemGrid.png ... 
1044 bytes for ./MWPhotoBrowser.bundle/images/UIBarButtonItemGrid.png
copying file ./MWPhotoBrowser.bundle/images/UIBarButtonItemGrid@2x.png ... 
1063 bytes for ./MWPhotoBrowser.bundle/images/UIBarButtonItemGrid@2x.png
copying file ./MWPhotoBrowser.bundle/images/UIBarButtonItemGridiOS6.png ... 
1028 bytes for ./MWPhotoBrowser.bundle/images/UIBarButtonItemGridiOS6.png
copying file ./MWPhotoBrowser.bundle/images/UIBarButtonItemGridiOS6@2x.png ... 
1058 bytes for ./MWPhotoBrowser.bundle/images/UIBarButtonItemGridiOS6@2x.png
copying file ./PkgInfo ... 
8 bytes for ./PkgInfo
copying file ./pl-PL.lproj/Localizable.strings ... 
5632 bytes for ./pl-PL.lproj/Localizable.strings
copying file ./pl-PL.lproj/Main.strings ... 
4756 bytes for ./pl-PL.lproj/Main.strings
copying file ./ru.lproj/Localizable.strings ... 
6570 bytes for ./ru.lproj/Localizable.strings
copying file ./ru.lproj/Main.strings ... 
4756 bytes for ./ru.lproj/Main.strings
copying file ./sk.lproj/Localizable.strings ... 
6258 bytes for ./sk.lproj/Localizable.strings
copying file ./sk.lproj/Main.strings ... 
4756 bytes for ./sk.lproj/Main.strings
copying file ./uk-UA.lproj/Localizable.strings ... 
6384 bytes for ./uk-UA.lproj/Localizable.strings
copying file ./uk-UA.lproj/Main.strings ... 
4756 bytes for ./uk-UA.lproj/Main.strings
copying file ./zh-Hans.lproj/Localizable.strings ... 
2239 bytes for ./zh-Hans.lproj/Localizable.strings
copying file ./zh-Hans.lproj/Main.strings ... 
1 bytes for ./zh-Hans.lproj/Main.strings
copying file ./万能AIT ... 
2019-03-27 08:13:22 +0000  31918688 bytes for ./万能AIT
2019-03-27 08:13:22 +0000  /usr/bin/ditto exited with 0
2019-03-27 08:13:22 +0000  Processing step: IDEDistributionEmbedProfileStep
2019-03-27 08:13:22 +0000  Processing step: IDEDistributionAppThinningPlistStep
2019-03-27 08:13:22 +0000  Skipping step: IDEDistributionAppThinningPlistStep because it said so
2019-03-27 08:13:22 +0000  Processing step: IDEDistributionCompileBitcodeStep
2019-03-27 08:13:22 +0000  Skipping step: IDEDistributionCompileBitcodeStep because it said so
2019-03-27 08:13:22 +0000  Processing step: IDEDistributionCodeSlimmingStep
2019-03-27 08:13:22 +0000  Processing step: IDEDistributionCopyBCSymbolMapsStep
2019-03-27 08:13:22 +0000  Skipping step: IDEDistributionCopyBCSymbolMapsStep because it said so
2019-03-27 08:13:22 +0000  Processing step: IDEDistributionSymbolsStep
2019-03-27 08:13:22 +0000  Skipping step: IDEDistributionSymbolsStep because it said so
2019-03-27 08:13:22 +0000  Processing step: IDEDistributionAppThinningStep
2019-03-27 08:13:22 +0000  Skipping step: IDEDistributionAppThinningStep because it said so
2019-03-27 08:13:22 +0000  Processing step: IDEDistributionArchThinningStep
2019-03-27 08:13:22 +0000  Running /Applications/Xcode.app/Contents/Developer/Toolchains/XcodeDefault.xctoolchain/usr/bin/lipo '/var/folders/f_/lly5g9jj2bjcxsfc9t9d6btw0000gn/T/XcodeDistPipeline.hNw/Root/Payload/万能AIT.app/万能AIT' '-verify_arch' 'arm64e'
2019-03-27 08:13:22 +0000  /Applications/Xcode.app/Contents/Developer/Toolchains/XcodeDefault.xctoolchain/usr/bin/lipo exited with 1
2019-03-27 08:13:22 +0000  Skipping architecture thinning for item "万能AIT" because arch "arm64e" wasn't found
2019-03-27 08:13:22 +0000  Processing step: IDEDistributionODRStep
2019-03-27 08:13:22 +0000  Processing step: IDEDistributionStripXattrsStep
2019-03-27 08:13:22 +0000  Running /usr/bin/xattr '-crs' '/var/folders/f_/lly5g9jj2bjcxsfc9t9d6btw0000gn/T/XcodeDistPipeline.hNw/Root/Payload/万能AIT.app'
2019-03-27 08:13:23 +0000  /usr/bin/xattr exited with 0
2019-03-27 08:13:23 +0000  Processing step: IDEDistributionCodesignStep
2019-03-27 08:13:23 +0000  Entitlements for <IDEDistributionItem: 0x7fb8b525ddc0 'com.apical.universalAI' '<DVTFilePath:0x7fb8b010f430:'/Users/apical/Library/Developer/Xcode/Archives/2019-03-27/万能AIT 2019-3-27 下午4.11.xcarchive/Products/Applications/万能AIT.app'>'>: {
    "application-identifier" = "7JA3J4SM22.com.apical.universalAI";
    "com.apple.developer.team-identifier" = 7JA3J4SM22;
    "get-task-allow" = 1;
    "keychain-access-groups" =     (
        "7JA3J4SM22.com.apical.universalAI"
    );
}
2019-03-27 08:13:23 +0000  Writing entitlements for <IDEDistributionItem: 0x7fb8b525ddc0 'com.apical.universalAI' '<DVTFilePath:0x7fb8b010f430:'/Users/apical/Library/Developer/Xcode/Archives/2019-03-27/万能AIT 2019-3-27 下午4.11.xcarchive/Products/Applications/万能AIT.app'>'> to: /var/folders/f_/lly5g9jj2bjcxsfc9t9d6btw0000gn/T/XcodeDistPipeline.hNw/entitlementsGDgnH1
2019-03-27 08:13:23 +0000  Running /usr/bin/codesign '-vvv' '--force' '--sign' '53991235AE97C786C00EA25346FC575639F60DF6' '--entitlements' '/var/folders/f_/lly5g9jj2bjcxsfc9t9d6btw0000gn/T/XcodeDistPipeline.hNw/entitlementsGDgnH1' '--preserve-metadata=identifier,flags,runtime' '/var/folders/f_/lly5g9jj2bjcxsfc9t9d6btw0000gn/T/XcodeDistPipeline.hNw/Root/Payload/万能AIT.app'
2019-03-27 08:13:23 +0000  /var/folders/f_/lly5g9jj2bjcxsfc9t9d6btw0000gn/T/XcodeDistPipeline.hNw/Root/Payload/万能AIT.app: replacing existing signature
2019-03-27 08:13:24 +0000  /var/folders/f_/lly5g9jj2bjcxsfc9t9d6btw0000gn/T/XcodeDistPipeline.hNw/Root/Payload/万能AIT.app: signed app bundle with Mach-O universal (armv7 arm64) [com.apical.universalAI]
2019-03-27 08:13:24 +0000  /usr/bin/codesign exited with 0
2019-03-27 08:13:24 +0000  Processing step: IDEDistributionZipODRItemStep
2019-03-27 08:13:24 +0000  Skipping step: IDEDistributionZipODRItemStep because it said so
2019-03-27 08:13:24 +0000  Processing step: IDEDistributionCreateIPAStep
2019-03-27 08:13:24 +0000  Running /usr/bin/ditto '-V' '-c' '-k' '--norsrc' '/var/folders/f_/lly5g9jj2bjcxsfc9t9d6btw0000gn/T/XcodeDistPipeline.hNw/Root' '/var/folders/f_/lly5g9jj2bjcxsfc9t9d6btw0000gn/T/XcodeDistPipeline.hNw/Packages/万能AIT.ipa'
2019-03-27 08:13:24 +0000  >>> Copying /var/folders/f_/lly5g9jj2bjcxsfc9t9d6btw0000gn/T/XcodeDistPipeline.hNw/Root 
2019-03-27 08:13:24 +0000  copying file ./Payload/万能AIT.app/_CodeSignature/CodeResources ... 
2019-03-27 08:13:24 +0000  33310 bytes for ./Payload/万能AIT.app/_CodeSignature/CodeResources
2019-03-27 08:13:24 +0000  copying file ./Payload/万能AIT.app/APKDownloadInfoView.nib ... 
2019-03-27 08:13:24 +0000  5435 bytes for ./Payload/万能AIT.app/APKDownloadInfoView.nib
copying file ./Payload/万能AIT.app/APKPhotosPageFooterView.nib ... 
2019-03-27 08:13:24 +0000  2386 bytes for ./Payload/万能AIT.app/APKPhotosPageFooterView.nib
copying file ./Payload/万能AIT.app/AppIcon20x20@2x.png ... 
2019-03-27 08:13:24 +0000  4982 bytes for ./Payload/万能AIT.app/AppIcon20x20@2x.png
copying file ./Payload/万能AIT.app/AppIcon20x20@3x.png ... 
2019-03-27 08:13:24 +0000  6740 bytes for ./Payload/万能AIT.app/AppIcon20x20@3x.png
copying file ./Payload/万能AIT.app/AppIcon29x29@2x.png ... 
2019-03-27 08:13:24 +0000  4521 bytes for ./Payload/万能AIT.app/AppIcon29x29@2x.png
2019-03-27 08:13:24 +0000  copying file ./Payload/万能AIT.app/AppIcon29x29@3x.png ... 
2019-03-27 08:13:24 +0000  7847 bytes for ./Payload/万能AIT.app/AppIcon29x29@3x.png
copying file ./Payload/万能AIT.app/AppIcon40x40@2x.png ... 
2019-03-27 08:13:24 +0000  7279 bytes for ./Payload/万能AIT.app/AppIcon40x40@2x.png
copying file ./Payload/万能AIT.app/AppIcon40x40@3x.png ... 
2019-03-27 08:13:24 +0000  10941 bytes for ./Payload/万能AIT.app/AppIcon40x40@3x.png
copying file ./Payload/万能AIT.app/AppIcon60x60@2x.png ... 
2019-03-27 08:13:24 +0000  10941 bytes for ./Payload/万能AIT.app/AppIcon60x60@2x.png
copying file ./Payload/万能AIT.app/AppIcon60x60@3x.png ... 
2019-03-27 08:13:24 +0000  17161 bytes for ./Payload/万能AIT.app/AppIcon60x60@3x.png
copying file ./Payload/万能AIT.app/Assets.car ... 
2019-03-27 08:13:24 +0000  1821368 bytes for ./Payload/万能AIT.app/Assets.car
2019-03-27 08:13:24 +0000  copying file ./Payload/万能AIT.app/Base.lproj/Main.storyboardc/1ii-dm-aA7-view-aV9-UT-By6.nib ... 
2019-03-27 08:13:24 +0000  12860 bytes for ./Payload/万能AIT.app/Base.lproj/Main.storyboardc/1ii-dm-aA7-view-aV9-UT-By6.nib
copying file ./Payload/万能AIT.app/Base.lproj/Main.storyboardc/APKAboutViewController.nib ... 
2019-03-27 08:13:24 +0000  1294 bytes for ./Payload/万能AIT.app/Base.lproj/Main.storyboardc/APKAboutViewController.nib
copying file ./Payload/万能AIT.app/Base.lproj/Main.storyboardc/APKVideoPlayer.nib ... 
2019-03-27 08:13:24 +0000  1471 bytes for ./Payload/万能AIT.app/Base.lproj/Main.storyboardc/APKVideoPlayer.nib
copying file ./Payload/万能AIT.app/Base.lproj/Main.storyboardc/da5-8N-V0l-view-2EB-CV-ibu.nib ... 
2019-03-27 08:13:24 +0000  26497 bytes for ./Payload/万能AIT.app/Base.lproj/Main.storyboardc/da5-8N-V0l-view-2EB-CV-ibu.nib
copying file ./Payload/万能AIT.app/Base.lproj/Main.storyboardc/DBValueVC.nib ... 
2019-03-27 08:13:24 +0000  967 bytes for ./Payload/万能AIT.app/Base.lproj/Main.storyboardc/DBValueVC.nib
copying file ./Payload/万能AIT.app/Base.lproj/Main.storyboardc/DoY-ED-BRB-view-oQb-T6-Hhw.nib ... 
2019-03-27 08:13:24 +0000  5314 bytes for ./Payload/万能AIT.app/Base.lproj/Main.storyboardc/DoY-ED-BRB-view-oQb-T6-Hhw.nib
copying file ./Payload/万能AIT.app/Base.lproj/Main.storyboardc/fdM-EZ-lTJ-view-RbG-nR-oUP.nib ... 
2019-03-27 08:13:24 +0000  9048 bytes for ./Payload/万能AIT.app/Base.lproj/Main.storyboardc/fdM-EZ-lTJ-view-RbG-nR-oUP.nib
copying file ./Payload/万能AIT.app/Base.lproj/Main.storyboardc/Info.plist ... 
2019-03-27 08:13:24 +0000  741 bytes for ./Payload/万能AIT.app/Base.lproj/Main.storyboardc/Info.plist
copying file ./Payload/万能AIT.app/Base.lproj/Main.storyboardc/NLc-lO-jgG-view-AOt-3L-QAV.nib ... 
2019-03-27 08:13:24 +0000  6249 bytes for ./Payload/万能AIT.app/Base.lproj/Main.storyboardc/NLc-lO-jgG-view-AOt-3L-QAV.nib
copying file ./Payload/万能AIT.app/Base.lproj/Main.storyboardc/pTr-4e-sD6-view-zKg-nN-2mE.nib ... 
2019-03-27 08:13:24 +0000  3409 bytes for ./Payload/万能AIT.app/Base.lproj/Main.storyboardc/pTr-4e-sD6-view-zKg-nN-2mE.nib
copying file ./Payload/万能AIT.app/Base.lproj/Main.storyboardc/Qkp-rM-VrI-view-aCN-eu-JqC.nib ... 
2019-03-27 08:13:24 +0000  4313 bytes for ./Payload/万能AIT.app/Base.lproj/Main.storyboardc/Qkp-rM-VrI-view-aCN-eu-JqC.nib
copying file ./Payload/万能AIT.app/Base.lproj/Main.storyboardc/STd-Im-iis-view-E4T-NQ-rsb.nib ... 
2019-03-27 08:13:24 +0000  7104 bytes for ./Payload/万能AIT.app/Base.lproj/Main.storyboardc/STd-Im-iis-view-E4T-NQ-rsb.nib
copying file ./Payload/万能AIT.app/Base.lproj/Main.storyboardc/TAg-Oj-i7p-view-jFe-hh-E6U.nib ... 
2019-03-27 08:13:24 +0000  7284 bytes for ./Payload/万能AIT.app/Base.lproj/Main.storyboardc/TAg-Oj-i7p-view-jFe-hh-E6U.nib
copying file ./Payload/万能AIT.app/Base.lproj/Main.storyboardc/uf2-Ae-QF6-view-jQ8-Rj-RmU.nib ... 
2019-03-27 08:13:24 +0000  1805 bytes for ./Payload/万能AIT.app/Base.lproj/Main.storyboardc/uf2-Ae-QF6-view-jQ8-Rj-RmU.nib
copying file ./Payload/万能AIT.app/Base.lproj/Main.storyboardc/UITabBarController-H4d-7E-SMs.nib ... 
2019-03-27 08:13:24 +0000  7089 bytes for ./Payload/万能AIT.app/Base.lproj/Main.storyboardc/UITabBarController-H4d-7E-SMs.nib
copying file ./Payload/万能AIT.app/Base.lproj/Main.storyboardc/UITableViewController-DoY-ED-BRB.nib ... 
2019-03-27 08:13:24 +0000  1432 bytes for ./Payload/万能AIT.app/Base.lproj/Main.storyboardc/UITableViewController-DoY-ED-BRB.nib
copying file ./Payload/万能AIT.app/Base.lproj/Main.storyboardc/UITableViewController-TAg-Oj-i7p.nib ... 
2019-03-27 08:13:24 +0000  1189 bytes for ./Payload/万能AIT.app/Base.lproj/Main.storyboardc/UITableViewController-TAg-Oj-i7p.nib
copying file ./Payload/万能AIT.app/Base.lproj/Main.storyboardc/UIViewController-fdM-EZ-lTJ.nib ... 
2019-03-27 08:13:24 +0000  1441 bytes for ./Payload/万能AIT.app/Base.lproj/Main.storyboardc/UIViewController-fdM-EZ-lTJ.nib
copying file ./Payload/万能AIT.app/Base.lproj/Main.storyboardc/UIViewController-pTr-4e-sD6.nib ... 
2019-03-27 08:13:24 +0000  978 bytes for ./Payload/万能AIT.app/Base.lproj/Main.storyboardc/UIViewController-pTr-4e-sD6.nib
copying file ./Payload/万能AIT.app/Base.lproj/Main.storyboardc/UIViewController-STd-Im-iis.nib ... 
2019-03-27 08:13:24 +0000  1657 bytes for ./Payload/万能AIT.app/Base.lproj/Main.storyboardc/UIViewController-STd-Im-iis.nib
copying file ./Payload/万能AIT.app/Base.lproj/Main.storyboardc/YUn-MZ-pOr-view-h9M-gP-fuH.nib ... 
2019-03-27 08:13:24 +0000  10499 bytes for ./Payload/万能AIT.app/Base.lproj/Main.storyboardc/YUn-MZ-pOr-view-h9M-gP-fuH.nib
2019-03-27 08:13:24 +0000  copying file ./Payload/万能AIT.app/cs.lproj/Localizable.strings ... 
2019-03-27 08:13:24 +0000  5671 bytes for ./Payload/万能AIT.app/cs.lproj/Localizable.strings
copying file ./Payload/万能AIT.app/cs.lproj/Main.strings ... 
2019-03-27 08:13:24 +0000  4756 bytes for ./Payload/万能AIT.app/cs.lproj/Main.strings
2019-03-27 08:13:24 +0000  copying file ./Payload/万能AIT.app/DataModal.momd/DataModal.mom ... 
2019-03-27 08:13:24 +0000  1658 bytes for ./Payload/万能AIT.app/DataModal.momd/DataModal.mom
copying file ./Payload/万能AIT.app/DataModal.momd/VersionInfo.plist ... 
152 bytes for ./Payload/万能AIT.app/DataModal.momd/VersionInfo.plist
2019-03-27 08:13:24 +0000  copying file ./Payload/万能AIT.app/embedded.mobileprovision ... 
2019-03-27 08:13:24 +0000  11442 bytes for ./Payload/万能AIT.app/embedded.mobileprovision
2019-03-27 08:13:24 +0000  copying file ./Payload/万能AIT.app/en.lproj/Localizable.strings ... 
2019-03-27 08:13:24 +0000  3780 bytes for ./Payload/万能AIT.app/en.lproj/Localizable.strings
2019-03-27 08:13:24 +0000  copying file ./Payload/万能AIT.app/et.lproj/Localizable.strings ... 
2019-03-27 08:13:24 +0000  5463 bytes for ./Payload/万能AIT.app/et.lproj/Localizable.strings
2019-03-27 08:13:24 +0000  copying file ./Payload/万能AIT.app/et.lproj/Main.strings ... 
4756 bytes for ./Payload/万能AIT.app/et.lproj/Main.strings
2019-03-27 08:13:24 +0000  copying file ./Payload/万能AIT.app/Info.plist ... 
2019-03-27 08:13:24 +0000  1876 bytes for ./Payload/万能AIT.app/Info.plist
copying file ./Payload/万能AIT.app/LaunchImage-1100-Portrait-2436h@3x.png ... 
2019-03-27 08:13:24 +0000  232951 bytes for ./Payload/万能AIT.app/LaunchImage-1100-Portrait-2436h@3x.png
copying file ./Payload/万能AIT.app/LaunchImage-1200-Portrait-1792h@2x.png ... 
2019-03-27 08:13:24 +0000  149514 bytes for ./Payload/万能AIT.app/LaunchImage-1200-Portrait-1792h@2x.png
copying file ./Payload/万能AIT.app/LaunchImage-1200-Portrait-2688h@3x.png ... 
2019-03-27 08:13:24 +0000  241587 bytes for ./Payload/万能AIT.app/LaunchImage-1200-Portrait-2688h@3x.png
copying file ./Payload/万能AIT.app/LaunchImage-700-568h@2x.png ... 
2019-03-27 08:13:24 +0000  86481 bytes for ./Payload/万能AIT.app/LaunchImage-700-568h@2x.png
copying file ./Payload/万能AIT.app/LaunchImage-700@2x.png ... 
2019-03-27 08:13:24 +0000  83671 bytes for ./Payload/万能AIT.app/LaunchImage-700@2x.png
copying file ./Payload/万能AIT.app/LaunchImage-800-667h@2x.png ... 
2019-03-27 08:13:24 +0000  87945 bytes for ./Payload/万能AIT.app/LaunchImage-800-667h@2x.png
copying file ./Payload/万能AIT.app/LaunchImage-800-Portrait-736h@3x.png ... 
2019-03-27 08:13:24 +0000  160300 bytes for ./Payload/万能AIT.app/LaunchImage-800-Portrait-736h@3x.png
2019-03-27 08:13:24 +0000  copying file ./Payload/万能AIT.app/lt.lproj/Localizable.strings ... 
2019-03-27 08:13:24 +0000  5862 bytes for ./Payload/万能AIT.app/lt.lproj/Localizable.strings
copying file ./Payload/万能AIT.app/lt.lproj/Main.strings ... 
2019-03-27 08:13:24 +0000  4756 bytes for ./Payload/万能AIT.app/lt.lproj/Main.strings
2019-03-27 08:13:24 +0000  copying file ./Payload/万能AIT.app/lv.lproj/Localizable.strings ... 
2019-03-27 08:13:24 +0000  6206 bytes for ./Payload/万能AIT.app/lv.lproj/Localizable.strings
copying file ./Payload/万能AIT.app/lv.lproj/Main.strings ... 
2019-03-27 08:13:24 +0000  4756 bytes for ./Payload/万能AIT.app/lv.lproj/Main.strings
2019-03-27 08:13:24 +0000  copying file ./Payload/万能AIT.app/MWPhotoBrowser.bundle/images/Checkmark.png ... 
2019-03-27 08:13:24 +0000  1609 bytes for ./Payload/万能AIT.app/MWPhotoBrowser.bundle/images/Checkmark.png
copying file ./Payload/万能AIT.app/MWPhotoBrowser.bundle/images/Checkmark@2x.png ... 
2019-03-27 08:13:24 +0000  2156 bytes for ./Payload/万能AIT.app/MWPhotoBrowser.bundle/images/Checkmark@2x.png
copying file ./Payload/万能AIT.app/MWPhotoBrowser.bundle/images/ImageError.png ... 
2019-03-27 08:13:24 +0000  1187 bytes for ./Payload/万能AIT.app/MWPhotoBrowser.bundle/images/ImageError.png
copying file ./Payload/万能AIT.app/MWPhotoBrowser.bundle/images/ImageError@2x.png ... 
1533 bytes for ./Payload/万能AIT.app/MWPhotoBrowser.bundle/images/ImageError@2x.png
2019-03-27 08:13:24 +0000  copying file ./Payload/万能AIT.app/MWPhotoBrowser.bundle/images/ImageSelectedOff.png ... 
2641 bytes for ./Payload/万能AIT.app/MWPhotoBrowser.bundle/images/ImageSelectedOff.png
copying file ./Payload/万能AIT.app/MWPhotoBrowser.bundle/images/ImageSelectedOff@2x.png ... 
2019-03-27 08:13:24 +0000  4839 bytes for ./Payload/万能AIT.app/MWPhotoBrowser.bundle/images/ImageSelectedOff@2x.png
copying file ./Payload/万能AIT.app/MWPhotoBrowser.bundle/images/ImageSelectedOn.png ... 
2019-03-27 08:13:24 +0000  2682 bytes for ./Payload/万能AIT.app/MWPhotoBrowser.bundle/images/ImageSelectedOn.png
copying file ./Payload/万能AIT.app/MWPhotoBrowser.bundle/images/ImageSelectedOn@2x.png ... 
2019-03-27 08:13:24 +0000  4571 bytes for ./Payload/万能AIT.app/MWPhotoBrowser.bundle/images/ImageSelectedOn@2x.png
copying file ./Payload/万能AIT.app/MWPhotoBrowser.bundle/images/ImageSelectedSmallOff.png ... 
2019-03-27 08:13:24 +0000  1932 bytes for ./Payload/万能AIT.app/MWPhotoBrowser.bundle/images/ImageSelectedSmallOff.png
copying file ./Payload/万能AIT.app/MWPhotoBrowser.bundle/images/ImageSelectedSmallOff@2x.png ... 
2019-03-27 08:13:24 +0000  3296 bytes for ./Payload/万能AIT.app/MWPhotoBrowser.bundle/images/ImageSelectedSmallOff@2x.png
copying file ./Payload/万能AIT.app/MWPhotoBrowser.bundle/images/ImageSelectedSmallOn.png ... 
2019-03-27 08:13:24 +0000  2141 bytes for ./Payload/万能AIT.app/MWPhotoBrowser.bundle/images/ImageSelectedSmallOn.png
copying file ./Payload/万能AIT.app/MWPhotoBrowser.bundle/images/ImageSelectedSmallOn@2x.png ... 
2019-03-27 08:13:24 +0000  3543 bytes for ./Payload/万能AIT.app/MWPhotoBrowser.bundle/images/ImageSelectedSmallOn@2x.png
copying file ./Payload/万能AIT.app/MWPhotoBrowser.bundle/images/UIBarButtonItemArrowLeft.png ... 
1169 bytes for ./Payload/万能AIT.app/MWPhotoBrowser.bundle/images/UIBarButtonItemArrowLeft.png
copying file ./Payload/万能AIT.app/MWPhotoBrowser.bundle/images/UIBarButtonItemArrowLeft@2x.png ... 
2019-03-27 08:13:24 +0000  1360 bytes for ./Payload/万能AIT.app/MWPhotoBrowser.bundle/images/UIBarButtonItemArrowLeft@2x.png
copying file ./Payload/万能AIT.app/MWPhotoBrowser.bundle/images/UIBarButtonItemArrowOutlineLeft.png ... 
2019-03-27 08:13:24 +0000  1135 bytes for ./Payload/万能AIT.app/MWPhotoBrowser.bundle/images/UIBarButtonItemArrowOutlineLeft.png
copying file ./Payload/万能AIT.app/MWPhotoBrowser.bundle/images/UIBarButtonItemArrowOutlineLeft@2x.png ... 
2019-03-27 08:13:24 +0000  1261 bytes for ./Payload/万能AIT.app/MWPhotoBrowser.bundle/images/UIBarButtonItemArrowOutlineLeft@2x.png
copying file ./Payload/万能AIT.app/MWPhotoBrowser.bundle/images/UIBarButtonItemArrowOutlineRight.png ... 
1115 bytes for ./Payload/万能AIT.app/MWPhotoBrowser.bundle/images/UIBarButtonItemArrowOutlineRight.png
copying file ./Payload/万能AIT.app/MWPhotoBrowser.bundle/images/UIBarButtonItemArrowOutlineRight@2x.png ... 
2019-03-27 08:13:24 +0000  1253 bytes for ./Payload/万能AIT.app/MWPhotoBrowser.bundle/images/UIBarButtonItemArrowOutlineRight@2x.png
copying file ./Payload/万能AIT.app/MWPhotoBrowser.bundle/images/UIBarButtonItemArrowRight.png ... 
2019-03-27 08:13:24 +0000  1158 bytes for ./Payload/万能AIT.app/MWPhotoBrowser.bundle/images/UIBarButtonItemArrowRight.png
copying file ./Payload/万能AIT.app/MWPhotoBrowser.bundle/images/UIBarButtonItemArrowRight@2x.png ... 
2019-03-27 08:13:24 +0000  1355 bytes for ./Payload/万能AIT.app/MWPhotoBrowser.bundle/images/UIBarButtonItemArrowRight@2x.png
copying file ./Payload/万能AIT.app/MWPhotoBrowser.bundle/images/UIBarButtonItemGrid.png ... 
2019-03-27 08:13:24 +0000  1044 bytes for ./Payload/万能AIT.app/MWPhotoBrowser.bundle/images/UIBarButtonItemGrid.png
copying file ./Payload/万能AIT.app/MWPhotoBrowser.bundle/images/UIBarButtonItemGrid@2x.png ... 
1063 bytes for ./Payload/万能AIT.app/MWPhotoBrowser.bundle/images/UIBarButtonItemGrid@2x.png
copying file ./Payload/万能AIT.app/MWPhotoBrowser.bundle/images/UIBarButtonItemGridiOS6.png ... 
2019-03-27 08:13:24 +0000  1028 bytes for ./Payload/万能AIT.app/MWPhotoBrowser.bundle/images/UIBarButtonItemGridiOS6.png
copying file ./Payload/万能AIT.app/MWPhotoBrowser.bundle/images/UIBarButtonItemGridiOS6@2x.png ... 
2019-03-27 08:13:24 +0000  1058 bytes for ./Payload/万能AIT.app/MWPhotoBrowser.bundle/images/UIBarButtonItemGridiOS6@2x.png
copying file ./Payload/万能AIT.app/PkgInfo ... 
2019-03-27 08:13:24 +0000  8 bytes for ./Payload/万能AIT.app/PkgInfo
copying file ./Payload/万能AIT.app/pl-PL.lproj/Localizable.strings ... 
2019-03-27 08:13:24 +0000  5632 bytes for ./Payload/万能AIT.app/pl-PL.lproj/Localizable.strings
copying file ./Payload/万能AIT.app/pl-PL.lproj/Main.strings ... 
2019-03-27 08:13:24 +0000  4756 bytes for ./Payload/万能AIT.app/pl-PL.lproj/Main.strings
2019-03-27 08:13:24 +0000  copying file ./Payload/万能AIT.app/ru.lproj/Localizable.strings ... 
2019-03-27 08:13:24 +0000  6570 bytes for ./Payload/万能AIT.app/ru.lproj/Localizable.strings
2019-03-27 08:13:24 +0000  copying file ./Payload/万能AIT.app/ru.lproj/Main.strings ... 
4756 bytes for ./Payload/万能AIT.app/ru.lproj/Main.strings
2019-03-27 08:13:24 +0000  copying file ./Payload/万能AIT.app/sk.lproj/Localizable.strings ... 
2019-03-27 08:13:24 +0000  6258 bytes for ./Payload/万能AIT.app/sk.lproj/Localizable.strings
2019-03-27 08:13:24 +0000  copying file ./Payload/万能AIT.app/sk.lproj/Main.strings ... 
2019-03-27 08:13:24 +0000  4756 bytes for ./Payload/万能AIT.app/sk.lproj/Main.strings
copying file ./Payload/万能AIT.app/uk-UA.lproj/Localizable.strings ... 
2019-03-27 08:13:24 +0000  6384 bytes for ./Payload/万能AIT.app/uk-UA.lproj/Localizable.strings
2019-03-27 08:13:24 +0000  copying file ./Payload/万能AIT.app/uk-UA.lproj/Main.strings ... 
2019-03-27 08:13:24 +0000  4756 bytes for ./Payload/万能AIT.app/uk-UA.lproj/Main.strings
copying file ./Payload/万能AIT.app/zh-Hans.lproj/Localizable.strings ... 
2019-03-27 08:13:24 +0000  2239 bytes for ./Payload/万能AIT.app/zh-Hans.lproj/Localizable.strings
copying file ./Payload/万能AIT.app/zh-Hans.lproj/Main.strings ... 
2019-03-27 08:13:24 +0000  1 bytes for ./Payload/万能AIT.app/zh-Hans.lproj/Main.strings
copying file ./Payload/万能AIT.app/万能AIT ... 
2019-03-27 08:13:26 +0000  31918688 bytes for ./Payload/万能AIT.app/万能AIT
2019-03-27 08:13:26 +0000  /usr/bin/ditto exited with 0
2019-03-27 08:13:26 +0000  Processing step: IDEDistributionAppStoreInformationStep
2019-03-27 08:13:26 +0000  Skipping step: IDEDistributionAppStoreInformationStep because it said so
2019-03-27 08:13:26 +0000  Processing step: IDEDistributionCreateManifestStep
